[LOG] SystemI::init                            : FMOD Studio Version: 00010707 (72710)
[LOG] SystemI::init                            : maxchannels = 1024, flags = 00030000, extradriverdata = 0000000000000000
[LOG] SystemI::close                           : 
[LOG] SystemI::close                           : Stop all sounds
[LOG] SystemI::close                           : Remove miscllaneous DSP stuff.
[LOG] SystemI::close                           : done.

[LOG] OutputWASAPI::init                       : Mix Format (WAVEFORMATEX): wFormatTag=0xFFFE, nChannels=2, nSamplesPerSec=48000, nAvgBytesPerSec=384000, nBlockAlign=8, wBitsPerSample=32, cbSize=22.
[LOG] OutputWASAPI::init                       : Mix Format (WAVEFORMATEXTENSIBLE): wValidBitsPerSample=32, dwChannelMask=0x00000003, SubFormat=00000003-0000-0010-8000-00AA00389B71.
[LOG] Thread::initThread                       : Initializing FMOD (WASAPI) feeder thread.  priority 0
[LOG] Thread::initThread                       : - Stacksize 0.  Stack pointer 0000000000000000 : usesemaphore = 0 : sleeptime = 0
[LOG] Thread::callback                         : * FMOD (WASAPI) feeder thread started
[LOG] Thread::initThread                       : Initializing FMOD mixer thread.  priority 2
[LOG] OutputWASAPI::feederUpdate               : WASAPI feeder thread set to 'Audio' characteristic
[LOG] Thread::initThread                       : - Stacksize 49152.  Stack pointer 0000000000000000 : usesemaphore = 1 : sleeptime = 0
[LOG] Thread::callback                         : * FMOD mixer thread started
[LOG] SystemI::init                            : Set up emulated output
[LOG] SystemI::init                            : create the channel pool
[LOG] SystemI::init                            : Set up streamer
[LOG] Thread::initThread                       : Initializing FMOD stream thread.  priority 2
[LOG] Thread::initThread                       : - Stacksize 65536.  Stack pointer 0000000000000000 : usesemaphore = 0 : sleeptime = 10
[LOG] Thread::callback                         : * FMOD stream thread started
[LOG] Thread::initThread                       : Initializing FMOD Studio update thread.  priority 0
[LOG] Thread::initThread                       : - Stacksize 65536.  Stack pointer 0000000000000000 : usesemaphore = 0 : sleeptime = 1
[LOG] Thread::callback                         : * FMOD Studio update thread started
[LOG] LiveUpdate::init                         : 
[LOG] Thread::initThread                       : Initializing FMOD Studio load thread.  priority 0
[LOG] Thread::initThread                       : - Stacksize 65536.  Stack pointer 0000000000000000 : usesemaphore = 0 : sleeptime = 1
[LOG] Thread::callback                         : * FMOD Studio load thread started
[LOG] Profile::init                            : Profiler listening on port: 9264
[LOG] Manager::readBank                        : fileversion = 68, compatVersion = 68 (oldest = 44, newest = 68)
[LOG] Manager::readBank                        : fileversion = 68, compatVersion = 68 (oldest = 44, newest = 68)
[LOG] SystemI::createSound                     : filename = Assets\Audiodrunkenship\Build\Desktop/Master Bank.bank : mode 0a010202
[LOG] SystemI::createSound                     : FMOD_NONBLOCKING specified.  Putting into queue to be opened asynchronously!
[LOG] OutputSoftware::createSample             : lengthpcm 0, lengthbytes 0, channels 0, format 0, freq 0, mode 00000000
[LOG] Thread::initThread                       : Initializing FMOD nonblocking thread (0).  priority 1
[LOG] Thread::initThread                       : - Stacksize 81920.  Stack pointer 0000000000000000 : usesemaphore = 1 : sleeptime = 0
[LOG] Thread::callback                         : * FMOD nonblocking thread (0) started
[LOG] SystemI::createSound                     : setdata soundi = 0000000046C72A58 : node = 000000003332DDD0
[LOG] SystemI::createSound                     : add node to async list : head = 000000003331D3B0.  list count = 0
[LOG] SystemI::createSound                     : filename = Assets\Audiodrunkenship\Build\Desktop/Master Bank.bank : mode 0a010202
[LOG] AsyncThread::threadFunc                  : Starting Asynchronous operation on sound 0000000046C72A58
[LOG] SystemI::createSoundInternal             :     filename = Assets\Audiodrunkenship\Build\Desktop/Master Bank.bank : mode 0a010202
[LOG] OutputSoftware::createSample             :     lengthpcm 0, lengthbytes 0, channels 0, format 0, freq 0, mode 00000000
[LOG] SystemI::createSoundInternal             :     exinfo->length             = 2440128
de = 000000003332E410
[LOG] SystemI::createSound                     :     add node to async list : head = 000000003331D3B0.  list count = 0
[LOG] SystemI::createSoundInternal             :     exinfo->numsubsounds       = 1
[LOG] SystemI::createSound                     :     filename = Assets\Audiodrunkenship\Build\Desktop/Master Bank.bank : mode 0a010202
[LOG] SystemI::createSound                     :     FMOD_NONBLOCKING specified.  Putting into queue to be opened asynchronously!
[LOG] SystemI::createSoundInternal             :     exinfo->inclusionlistnum   = 1
nels 0, format 0, freq 0, mode 00000000
[LOG] SystemI::createSound                     :     setdata soundi = 0000000046C72D78 : node = 000000003332E550
[LOG] SystemI::createSoundInternal             :     exinfo->initialseekpostype = 1
000000003331D3B0.  list count = 1
[LOG] SystemI::createSound                     :     filename = Assets\Audiodrunkenship\Build\Desktop/Master Bank.bank : mode 0a010202
[LOG] SystemI::createSoundInternal             :     Format has 1 subsounds.
[LOG] SystemI::createSound                     :     FMOD_NONBLOCKING specified.  Putting into queue to be opened asynchronously!
[LOG] SystemI::createSoundInternal             :     Multi-sample sound (1 subsounds), create a sample container.
 00000000
[LOG] SystemI::createSound                     :     setdata soundi = 0000000046C72F08 : node = 000000003332E190
[LOG] SystemI::createSoundInternal             :     creating subsound 0/1
[LOG] SystemI::createSample                    :     mode 0a010202 length 45000 samples, lengthbytes 7552
t count = 2
[LOG] SystemI::createSound                     :     filename = Assets\Audiodrunkenship\Build\Desktop/Master Bank.bank : mode 0a010202
[LOG] SystemI::createSample                    :     channels = 1
[LOG] SystemI::createSound                     :     FMOD_NONBLOCKING specified.  Putting into queue to be opened asynchronously!
[LOG] OutputSoftware::createSample             :     lengthpcm 45000, lengthbytes 7552, channels 1, format 2, freq 48000, mode 0a01020a
[LOG] SystemI::createSoundInternal             :     done.  OpenState now = FMOD_OPENSTATE_READY.

00046DBED50
[LOG] AsyncThread::threadFunc                  : Finished Asynchronous operation on sound 0000000046C72A58
 count = 3
[LOG] SystemI::createSound                     : filename = Assets\Audiodrunkenship\Build\Desktop/Master Bank.bank : mode 0a010202
[LOG] AsyncThread::threadFunc                  : Starting Asynchronous operation on sound 0000000046C72288
[LOG] SystemI::createSoundInternal             :     filename = Assets\Audiodrunkenship\Build\Desktop/Master Bank.bank : mode 0a010202
[LOG] SystemI::createSoundInternal             :     exinfo->cbsize             = 216
ls 0, format 0, freq 0, mode 00000000
[LOG] SystemI::createSoundInternal             :     exinfo->length             = 2440128
de = 0000000046DBE990
[LOG] SystemI::createSound                     :     add node to async list : head = 000000003331D3B0.  list count = 3
[LOG] SystemI::createSound                     :     filename = Assets\Audiodrunkenship\Build\Desktop/Master Bank.bank : mode 0a010202
[LOG] SystemI::createSoundInternal             :     exinfo->numsubsounds       = 1
[LOG] SystemI::createSound                     :     FMOD_NONBLOCKING specified.  Putting into queue to be opened asynchronously!
[LOG] SystemI::createSoundInternal             :     exinfo->inclusionlistnum   = 1
[LOG] OutputSoftware::createSample             :     lengthpcm 0, lengthbytes 0, channels 0, format 0, freq 0, mode 00000000
[LOG] SystemI::createSoundInternal             :     exinfo->suggestedsoundtype = 5
[LOG] SystemI::createSound                     :     setdata soundi = 00000000332C91E8 : node = 0000000046DC03D0
[LOG] SystemI::createSoundInternal             :     exinfo->initialseekpostype = 1
[LOG] SystemI::createSound                     :     add node to async list : head = 000000003331D3B0.  list count = 4
[LOG] SystemI::createSound                     :     filename = Assets\Audiodrunkenship\Build\Desktop/Master Bank.bank : mode 0a010202
[LOG] SystemI::createSoundInternal             :     Format has 1 subsounds.
[LOG] SystemI::createSoundInternal             :     Create as FMOD_CREATESAMPLE
Putting into queue to be opened asynchronously!
[LOG] OutputSoftware::createSample             :     lengthpcm 0, lengthbytes 0, channels 0, format 0, freq 0, mode 00000000
[LOG] SystemI::createSoundInternal             :     Multi-sample sound (1 subsounds), create a sample container.
[LOG] SystemI::createSoundInternal             :     creating subsound 0/1
[LOG] SystemI::createSound                     :     setdata soundi = 00000000332C9828 : node = 0000000046DBF250
[LOG] SystemI::createSample                    :     mode 0a010202 length 44999 samples, lengthbytes 7552
[LOG] SystemI::createSound                     :     add node to async list : head = 000000003331D3B0.  list count = 5
[LOG] SystemI::createSample                    :     channels = 1
[LOG] SystemI::createSound                     :     filename = Assets\Audiodrunkenship\Build\Desktop/Master Bank.bank : mode 0a010202
[LOG] SystemI::createSound                     :     FMOD_NONBLOCKING specified.  Putting into queue to be opened asynchronously!
[LOG] SystemI::createSample                    :     output = 0000000046C72BE8
[LOG] OutputSoftware::createSample             :     lengthpcm 0, lengthbytes 0, channels 0, format 0, freq 0, mode 00000000
 0a01020a
[LOG] SystemI::createSound                     :     setdata soundi = 00000000332C9378 : node = 0000000046DBEAD0
[LOG] AsyncThread::threadFunc                  : Finished Asynchronous operation on sound 0000000046C72288
 count = 6
[LOG] SystemI::createSound                     : filename = Assets\Audiodrunkenship\Build\Desktop/Master Bank.bank : mode 0a010202
[LOG] SystemI::createSound                     :     FMOD_NONBLOCKING specified.  Putting into queue to be opened asynchronously!
202
[LOG] SystemI::createSoundInternal             :     exinfo->cbsize             = 216
ls 0, format 0, freq 0, mode 00000000
[LOG] SystemI::createSoundInternal             :     exinfo->length             = 2440128
de = 0000000046DBF890
[LOG] SystemI::createSoundInternal             :     exinfo->fileoffset         = 33664
00003331D3B0.  list count = 6
[LOG] SystemI::createSoundInternal             :     exinfo->numsubsounds       = 1
ip\Build\Desktop/Master Bank.bank : mode 0a010202
[LOG] SystemI::createSound                     :     FMOD_NONBLOCKING specified.  Putting into queue to be opened asynchronously!
[LOG] SystemI::createSoundInternal             :     exinfo->inclusionlist      = 000000003332E658
[LOG] OutputSoftware::createSample             :     lengthpcm 0, lengthbytes 0, channels 0, format 0, freq 0, mode 00000000
[LOG] SystemI::createSound                     :     setdata soundi = 00000000332C7D98 : node = 0000000046DC0510
[LOG] SystemI::createSoundInternal             :     exinfo->suggestedsoundtype = 5
[LOG] SystemI::createSoundInternal             :     exinfo->initialseekpostype = 1
000000003331D3B0.  list count = 7
[LOG] SystemI::createSound                     :     filename = Assets\Audiodrunkenship\Build\Desktop/Master Bank.bank : mode 0a010202
[LOG] SystemI::createSoundInternal             :     Format has 1 subsounds.
[LOG] SystemI::createSoundInternal             :     Create as FMOD_CREATESAMPLE
Putting into queue to be opened asynchronously!
[LOG] OutputSoftware::createSample             :     lengthpcm 0, lengthbytes 0, channels 0, format 0, freq 0, mode 00000000
[LOG] SystemI::createSoundInternal             :     Multi-sample sound (1 subsounds), create a sample container.
[LOG] SystemI::createSound                     :     setdata soundi = 00000000332C99B8 : node = 0000000046DBFB10
[LOG] SystemI::createSound                     :     add node to async list : head = 000000003331D3B0.  list count = 8
[LOG] SystemI::createSample                    :     channels = 1
[LOG] SystemI::createSound                     :     filename = Assets\Audiodrunkenship\Build\Desktop/Master Bank.bank : mode 0a010202
[LOG] SystemI::createSample                    :     output = 0000000046C72BE8
  Putting into queue to be opened asynchronously!
[LOG] OutputSoftware::createSample             :     lengthpcm 0, lengthbytes 0, channels 0, format 0, freq 0, mode 00000000
[LOG] OutputSoftware::createSample             :     lengthpcm 44999, lengthbytes 7232, channels 1, format 2, freq 48000, mode 0a01020a
[LOG] SystemI::createSound                     :     setdata soundi = 00000000332C8EC8 : node = 0000000046DBF9D0
[LOG] SystemI::createSoundInternal             :     done.  OpenState now = FMOD_OPENSTATE_READY.

[LOG] AsyncThread::threadFunc                  : Finished Asynchronous operation on sound 0000000046C72D78
[LOG] SystemI::createSound                     :     add node to async list : head = 000000003331D3B0.  list count = 9
[LOG] SystemI::createSound                     : filename = Assets\Audiodrunkenship\Build\Desktop/Master Bank.bank : mode 0a010202
[LOG] AsyncThread::threadFunc                  : Starting Asynchronous operation on sound 0000000046C72F08
[LOG] SystemI::createSoundInternal             :     filename = Assets\Audiodrunkenship\Build\Desktop/Master Bank.bank : mode 0a010202
[LOG] OutputSoftware::createSample             :     lengthpcm 0, lengthbytes 0, channels 0, format 0, freq 0, mode 00000000
[LOG] SystemI::createSoundInternal             :     exinfo->length             = 2440128
[LOG] SystemI::createSound                     :     setdata soundi = 00000000332C8BA8 : node = 0000000046DC0010
[LOG] SystemI::createSound                     :     add node to async list : head = 000000003331D3B0.  list count = 9
[LOG] SystemI::createSoundInternal             :     exinfo->numsubsounds       = 1
ip\Build\Desktop/Master Bank.bank : mode 0a010202
[LOG] SystemI::createSoundInternal             :     exinfo->inclusionlist      = 000000003332E298
[LOG] SystemI::createSound                     :     FMOD_NONBLOCKING specified.  Putting into queue to be opened asynchronously!
[LOG] SystemI::createSoundInternal             :     exinfo->inclusionlistnum   = 1
nels 0, format 0, freq 0, mode 00000000
[LOG] SystemI::createSound                     :     setdata soundi = 00000000332C80B8 : node = 0000000046DBE710
[LOG] SystemI::createSound                     :     add node to async list : head = 000000003331D3B0.  list count = 10
[LOG] SystemI::createSoundInternal             :     exinfo->initialseekpostype = 1
[LOG] SystemI::createSound                     :     filename = Assets\Audiodrunkenship\Build\Desktop/Master Bank.bank : mode 0a010202
[LOG] SystemI::createSoundInternal             :     Format has 1 subsounds.
[LOG] SystemI::createSound                     :     FMOD_NONBLOCKING specified.  Putting into queue to be opened asynchronously!
[LOG] OutputSoftware::createSample             :     lengthpcm 0, lengthbytes 0, channels 0, format 0, freq 0, mode 00000000
[LOG] SystemI::createSoundInternal             :     creating subsound 0/1
00332C7C08 : node = 0000000046DBF750
[LOG] SystemI::createSample                    :     mode 0a010202 length 41999 samples, lengthbytes 6976
t count = 11
[LOG] SystemI::createSample                    :     channels = 1
[LOG] SystemI::createSound                     :     filename = Assets\Audiodrunkenship\Build\Desktop/Master Bank.bank : mode 0a010202
[LOG] SystemI::createSample                    :     output = 0000000046C72BE8
  Putting into queue to be opened asynchronously!
[LOG] OutputSoftware::createSample             :     lengthpcm 0, lengthbytes 0, channels 0, format 0, freq 0, mode 00000000
[LOG] OutputSoftware::createSample             :     lengthpcm 41999, lengthbytes 6976, channels 1, format 2, freq 48000, mode 0a01020a
[LOG] SystemI::createSound                     :     setdata soundi = 00000000332C9058 : node = 0000000046DBF390
[LOG] SystemI::createSoundInternal             :     done.  OpenState now = FMOD_OPENSTATE_READY.

[LOG] AsyncThread::threadFunc                  : Finished Asynchronous operation on sound 0000000046C72F08
[LOG] SystemI::createSound                     : add node to async list : head = 000000003331D3B0.  list count = 12
[LOG] SystemI::createSound                     : filename = Assets\Audiodrunkenship\Build\Desktop/Master Bank.bank : mode 0a010202
[LOG] SystemI::createSoundInternal             :     filename = Assets\Audiodrunkenship\Build\Desktop/Master Bank.bank : mode 0a010202
[LOG] SystemI::createSound                     :     FMOD_NONBLOCKING specified.  Putting into queue to be opened asynchronously!
[LOG] SystemI::createSoundInternal             :     exinfo->cbsize             = 216
[LOG] OutputSoftware::createSample             :     lengthpcm 0, lengthbytes 0, channels 0, format 0, freq 0, mode 00000000
[LOG] SystemI::createSound                     :     setdata soundi = 00000000332C9698 : node = 0000000046DBEC10
[LOG] SystemI::createSoundInternal             :     exinfo->length             = 2440128
[LOG] SystemI::createSound                     :     add node to async list : head = 000000003331D3B0.  list count = 12
[LOG] SystemI::createSoundInternal             :     exinfo->numsubsounds       = 1
[LOG] SystemI::createSoundInternal             :     exinfo->inclusionlist      = 0000000046DBEE58
[LOG] SystemI::createSoundInternal             :     exinfo->inclusionlistnum   = 1
[LOG] SystemI::createSoundInternal             :     exinfo->suggestedsoundtype = 5
[LOG] SystemI::createSoundInternal             :     exinfo->initialseekpostype = 1
[LOG] SystemI::createSoundInternal             :     Format has 1 subsounds.
[LOG] SystemI::createSoundInternal             :     Create as FMOD_CREATESAMPLE
[LOG] SystemI::createSound                     :     filename = Assets\Audiodrunkenship\Build\Desktop/Master Bank.bank : mode 0a010202
[LOG] SystemI::createSoundInternal             :     Multi-sample sound (1 subsounds), create a sample container.
[LOG] SystemI::createSound                     :     FMOD_NONBLOCKING specified.  Putting into queue to be opened asynchronously!
[LOG] OutputSoftware::createSample             :     lengthpcm 0, lengthbytes 0, channels 0, format 0, freq 0, mode 00000000
[LOG] SystemI::createSound                     :     setdata soundi = 00000000332C8888 : node = 0000000046DBFC50
[LOG] SystemI::createSample                    :     channels = 1
[LOG] SystemI::createSound                     :     add node to async list : head = 000000003331D3B0.  list count = 13
[LOG] OutputSoftware::createSample             :     lengthpcm 120000, lengthbytes 16384, channels 1, format 2, freq 48000, mode 0a01020a
[LOG] SystemI::createSound                     :     FMOD_NONBLOCKING specified.  Putting into queue to be opened asynchronously!
[LOG] SystemI::createSoundInternal             :     done.  OpenState now = FMOD_OPENSTATE_READY.

[LOG] OutputSoftware::createSample             : lengthpcm 0, lengthbytes 0, channels 0, format 0, freq 0, mode 00000000
[LOG] AsyncThread::threadFunc                  : Starting Asynchronous operation on sound 0000000046C72738
[LOG] SystemI::createSound                     : setdata soundi = 00000000332C8248 : node = 0000000046DBEFD0
[LOG] SystemI::createSound                     :     add node to async list : head = 000000003331D3B0.  list count = 13
mode 0a010202
[LOG] SystemI::createSound                     :     filename = Assets\Audiodrunkenship\Build\Desktop/Master Bank.bank : mode 0a010202
[LOG] SystemI::createSoundInternal             :     exinfo->length             = 2440128
nto queue to be opened asynchronously!
[LOG] SystemI::createSoundInternal             :     exinfo->fileoffset         = 33664
[LOG] OutputSoftware::createSample             :     lengthpcm 0, lengthbytes 0, channels 0, format 0, freq 0, mode 00000000
[LOG] SystemI::createSoundInternal             :     exinfo->numsubsounds       = 1
8 : node = 0000000046DBEE90
[LOG] SystemI::createSoundInternal             :     exinfo->inclusionlist      = 0000000046DBEA98
[LOG] SystemI::createSound                     :     add node to async list : head = 000000003331D3B0.  list count = 14
[LOG] SystemI::createSoundInternal             :     exinfo->inclusionlistnum   = 1
[LOG] SystemI::createSound                     :     filename = Assets\Audiodrunkenship\Build\Desktop/Master Bank.bank : mode 0a010202
[LOG] SystemI::createSoundInternal             :     exinfo->suggestedsoundtype = 5
[LOG] SystemI::createSound                     :     FMOD_NONBLOCKING specified.  Putting into queue to be opened asynchronously!
[LOG] OutputSoftware::createSample             :     lengthpcm 0, lengthbytes 0, channels 0, format 0, freq 0, mode 00000000
[LOG] SystemI::createSoundInternal             :     exinfo->initialseekpostype = 1
[LOG] SystemI::createSoundInternal             :     Format has 1 subsounds.
332C8D38 : node = 0000000046DBF110
[LOG] SystemI::createSound                     :     add node to async list : head = 000000003331D3B0.  list count = 15
[LOG] SystemI::createSoundInternal             :     Create as FMOD_CREATESAMPLE
[LOG] SystemI::createSoundInternal             :     Multi-sample sound (1 subsounds), create a sample container.
[LOG] SystemI::createSound                     :     filename = Assets\Audiodrunkenship\Build\Desktop/Master Bank.bank : mode 0a010202
[LOG] SystemI::createSound                     :     FMOD_NONBLOCKING specified.  Putting into queue to be opened asynchronously!
[LOG] SystemI::createSample                    :     mode 0a010202 length 89999 samples, lengthbytes 13824
0, mode 00000000
[LOG] SystemI::createSample                    :     channels = 1
[LOG] SystemI::createSound                     :     setdata soundi = 0000000046CEBAF8 : node = 0000000046DBF4D0
[LOG] SystemI::createSound                     :     add node to async list : head = 000000003331D3B0.  list count = 16
[LOG] SystemI::createSample                    :     output = 0000000046C72BE8
[LOG] SystemI::createSound                     :     filename = Assets\Audiodrunkenship\Build\Desktop/Master Bank.bank : mode 0a010202

[LOG] SystemI::createSound                     :     FMOD_NONBLOCKING specified.  Putting into queue to be opened asynchronously!
[LOG] SystemI::createSoundInternal             :     done.  OpenState now = FMOD_OPENSTATE_READY.

[LOG] AsyncThread::threadFunc                  : Finished Asynchronous operation on sound 0000000046C72738
ode 00000000
[LOG] AsyncThread::threadFunc                  : Starting Asynchronous operation on sound 00000000332C91E8

[LOG] SystemI::createSound                     :     add node to async list : head = 000000003331D3B0.  list count = 16
mode 0a010202
[LOG] SystemI::createSoundInternal             :     exinfo->cbsize             = 216
[LOG] SystemI::createSound                     :     filename = Assets\Audiodrunkenship\Build\Desktop/Master Bank.bank : mode 0a010202
[LOG] SystemI::createSoundInternal             :     exinfo->length             = 2440128
[LOG] SystemI::createSound                     :     FMOD_NONBLOCKING specified.  Putting into queue to be opened asynchronously!
[LOG] SystemI::createSoundInternal             :     exinfo->fileoffset         = 33664
[LOG] OutputSoftware::createSample             :     lengthpcm 0, lengthbytes 0, channels 0, format 0, freq 0, mode 00000000
[LOG] SystemI::createSound                     :     setdata soundi = 0000000046CECC28 : node = 0000000046DBFD90
[LOG] SystemI::createSound                     :     add node to async list : head = 000000003331D3B0.  list count = 17
[LOG] SystemI::createSoundInternal             :     exinfo->inclusionlist      = 0000000046DC04D8
[LOG] SystemI::createSoundInternal             :     exinfo->inclusionlistnum   = 1
[LOG] SystemI::createSound                     :     filename = Assets\Audiodrunkenship\Build\Desktop/Master Bank.bank : mode 0a010202
[LOG] SystemI::createSound                     :     FMOD_NONBLOCKING specified.  Putting into queue to be opened asynchronously!
[LOG] OutputSoftware::createSample             :     lengthpcm 0, lengthbytes 0, channels 0, format 0, freq 0, mode 00000000
[LOG] SystemI::createSound                     :     setdata soundi = 0000000046CECDB8 : node = 0000000046DBF610
[LOG] SystemI::createSoundInternal             :     Format has 1 subsounds.
[LOG] SystemI::createSound                     :     add node to async list : head = 000000003331D3B0.  list count = 18
[LOG] SystemI::createSoundInternal             :     Multi-sample sound (1 subsounds), create a sample container.
ank : mode 0a010202
[LOG] SystemI::createSoundInternal             :     creating subsound 0/1
ied.  Putting into queue to be opened asynchronously!
[LOG] OutputSoftware::createSample             :     lengthpcm 0, lengthbytes 0, channels 0, format 0, freq 0, mode 00000000
[LOG] SystemI::createSample                    :     mode 0a010202 length 84000 samples, lengthbytes 13344
[LOG] SystemI::createSample                    :     channels = 1
[LOG] SystemI::createSound                     :     setdata soundi = 0000000046CEC778 : node = 0000000046DBFED0
[LOG] SystemI::createSound                     :     add node to async list : head = 000000003331D3B0.  list count = 19
[LOG] OutputSoftware::createSample             :     lengthpcm 84000, lengthbytes 13344, channels 1, format 2, freq 48000, mode 0a01020a
[LOG] SystemI::createSound                     :     filename = Assets\Audiodrunkenship\Build\Desktop/Master Bank.bank : mode 0a010202
[LOG] SystemI::createSound                     :     FMOD_NONBLOCKING specified.  Putting into queue to be opened asynchronously!
[LOG] SystemI::createSoundInternal             :     done.  OpenState now = FMOD_OPENSTATE_READY.

[LOG] AsyncThread::threadFunc                  : Finished Asynchronous operation on sound 00000000332C91E8
0, mode 00000000
[LOG] AsyncThread::threadFunc                  : Starting Asynchronous operation on sound 00000000332C9828
[LOG] SystemI::createSound                     : setdata soundi = 0000000046CEBE18 : node = 0000000046DC0150
[LOG] SystemI::createSound                     :     add node to async list : head = 000000003331D3B0.  list count = 19
mode 0a010202
[LOG] SystemI::createSoundInternal             :     exinfo->cbsize             = 216
\Build\Desktop/Master Bank.bank : mode 0a010202
[LOG] SystemI::createSoundInternal             :     exinfo->length             = 2440128
[LOG] SystemI::createSound                     :     FMOD_NONBLOCKING specified.  Putting into queue to be opened asynchronously!
[LOG] SystemI::createSoundInternal             :     exinfo->fileoffset         = 33664
 0, format 0, freq 0, mode 00000000
[LOG] SystemI::createSoundInternal             :     exinfo->numsubsounds       = 1
8 : node = 0000000046DC0290
[LOG] SystemI::createSound                     :     add node to async list : head = 000000003331D3B0.  list count = 20
[LOG] SystemI::createSoundInternal             :     exinfo->inclusionlistnum   = 1
[LOG] SystemI::createSoundInternal             :     exinfo->suggestedsoundtype = 5
[LOG] SystemI::createSoundInternal             :     exinfo->initialseekpostype = 1
[LOG] SystemI::createSoundInternal             :     Format has 1 subsounds.
[LOG] SystemI::createSoundInternal             :     Create as FMOD_CREATESAMPLE
[LOG] SystemI::createSoundInternal             :     Multi-sample sound (1 subsounds), create a sample container.
[LOG] SystemI::createSoundInternal             :     creating subsound 0/1
[LOG] SystemI::createSample                    :     mode 0a010202 length 78000 samples, lengthbytes 12128
[LOG] SystemI::createSample                    :     channels = 1
[LOG] SystemI::createSample                    :     output = 0000000046C72BE8
[LOG] OutputSoftware::createSample             :     lengthpcm 78000, lengthbytes 12128, channels 1, format 2, freq 48000, mode 0a01020a
[LOG] SystemI::createSoundInternal             :     done.  OpenState now = FMOD_OPENSTATE_READY.

[LOG] AsyncThread::threadFunc                  : Finished Asynchronous operation on sound 00000000332C9828
[LOG] AsyncThread::threadFunc                  : Starting Asynchronous operation on sound 00000000332C9378
[LOG] SystemI::createSoundInternal             :     filename = Assets\Audiodrunkenship\Build\Desktop/Master Bank.bank : mode 0a010202
[LOG] SystemI::createSoundInternal             :     exinfo->cbsize             = 216
[LOG] SystemI::createSoundInternal             :     exinfo->length             = 2440128
[LOG] SystemI::createSoundInternal             :     exinfo->fileoffset         = 33664
[LOG] SystemI::createSoundInternal             :     exinfo->numsubsounds       = 1
[LOG] SystemI::createSoundInternal             :     exinfo->inclusionlist      = 0000000046DBEBD8
[LOG] SystemI::createSoundInternal             :     exinfo->inclusionlistnum   = 1
[LOG] SystemI::createSoundInternal             :     exinfo->suggestedsoundtype = 5
[LOG] SystemI::createSoundInternal             :     exinfo->initialseekpostype = 1
[LOG] SystemI::createSoundInternal             :     Format has 1 subsounds.
[LOG] SystemI::createSoundInternal             :     Create as FMOD_CREATESAMPLE
[LOG] SystemI::createSoundInternal             :     Multi-sample sound (1 subsounds), create a sample container.
[LOG] SystemI::createSoundInternal             :     creating subsound 0/1
[LOG] SystemI::createSample                    :     mode 0a010202 length 78000 samples, lengthbytes 10592
[LOG] SystemI::createSample                    :     channels = 1
[LOG] SystemI::createSample                    :     output = 0000000046C72BE8
[LOG] OutputSoftware::createSample             :     lengthpcm 78000, lengthbytes 10592, channels 1, format 2, freq 48000, mode 0a01020a
[LOG] SystemI::createSoundInternal             :     done.  OpenState now = FMOD_OPENSTATE_READY.

[LOG] AsyncThread::threadFunc                  : Finished Asynchronous operation on sound 00000000332C9378
[LOG] AsyncThread::threadFunc                  : Starting Asynchronous operation on sound 00000000332C8568
[LOG] SystemI::createSoundInternal             :     filename = Assets\Audiodrunkenship\Build\Desktop/Master Bank.bank : mode 0a010202
[LOG] SystemI::createSoundInternal             :     exinfo->cbsize             = 216
[LOG] SystemI::createSoundInternal             :     exinfo->length             = 2440128
[LOG] SystemI::createSoundInternal             :     exinfo->fileoffset         = 33664
[LOG] SystemI::createSoundInternal             :     exinfo->numsubsounds       = 1
[LOG] SystemI::createSoundInternal             :     exinfo->inclusionlist      = 0000000046DBF998
[LOG] SystemI::createSoundInternal             :     exinfo->inclusionlistnum   = 1
[LOG] SystemI::createSoundInternal             :     exinfo->suggestedsoundtype = 5
[LOG] SystemI::createSoundInternal             :     exinfo->initialseekpostype = 1
[LOG] SystemI::createSoundInternal             :     Format has 1 subsounds.
[LOG] SystemI::createSoundInternal             :     Create as FMOD_CREATESAMPLE
[LOG] SystemI::createSoundInternal             :     Multi-sample sound (1 subsounds), create a sample container.
[LOG] SystemI::createSoundInternal             :     creating subsound 0/1
[LOG] SystemI::createSample                    :     mode 0a010202 length 72000 samples, lengthbytes 9184
[LOG] SystemI::createSample                    :     channels = 1
[LOG] SystemI::createSample                    :     output = 0000000046C72BE8
[LOG] OutputSoftware::createSample             :     lengthpcm 72000, lengthbytes 9184, channels 1, format 2, freq 48000, mode 0a01020a
[LOG] SystemI::createSoundInternal             :     done.  OpenState now = FMOD_OPENSTATE_READY.

[LOG] AsyncThread::threadFunc                  : Finished Asynchronous operation on sound 00000000332C8568
[LOG] AsyncThread::threadFunc                  : Starting Asynchronous operation on sound 00000000332C7D98
[LOG] SystemI::createSoundInternal             :     filename = Assets\Audiodrunkenship\Build\Desktop/Master Bank.bank : mode 0a010202
[LOG] SystemI::createSoundInternal             :     exinfo->cbsize             = 216
[LOG] SystemI::createSoundInternal             :     exinfo->length             = 2440128
[LOG] SystemI::createSoundInternal             :     exinfo->fileoffset         = 33664
[LOG] SystemI::createSoundInternal             :     exinfo->numsubsounds       = 1
[LOG] SystemI::createSoundInternal             :     exinfo->inclusionlist      = 0000000046DC0618
[LOG] SystemI::createSoundInternal             :     exinfo->inclusionlistnum   = 1
[LOG] SystemI::createSoundInternal             :     exinfo->suggestedsoundtype = 5
[LOG] SystemI::createSoundInternal             :     exinfo->initialseekpostype = 1
[LOG] SystemI::createSoundInternal             :     Format has 1 subsounds.
[LOG] SystemI::createSoundInternal             :     Create as FMOD_CREATESAMPLE
[LOG] SystemI::createSoundInternal             :     Multi-sample sound (1 subsounds), create a sample container.
[LOG] SystemI::createSoundInternal             :     creating subsound 0/1
[LOG] SystemI::createSample                    :     mode 0a010202 length 72975 samples, lengthbytes 12480
[LOG] SystemI::createSample                    :     channels = 1
[LOG] SystemI::createSample                    :     output = 0000000046C72BE8
[LOG] OutputSoftware::createSample             :     lengthpcm 72975, lengthbytes 12480, channels 1, format 2, freq 48000, mode 0a01020a
[LOG] SystemI::createSoundInternal             :     done.  OpenState now = FMOD_OPENSTATE_READY.

[LOG] AsyncThread::threadFunc                  : Finished Asynchronous operation on sound 00000000332C7D98
[LOG] AsyncThread::threadFunc                  : Starting Asynchronous operation on sound 00000000332C99B8
[LOG] SystemI::createSoundInternal             :     filename = Assets\Audiodrunkenship\Build\Desktop/Master Bank.bank : mode 0a010202
[LOG] SystemI::createSoundInternal             :     exinfo->cbsize             = 216
[LOG] SystemI::createSoundInternal             :     exinfo->length             = 2440128
[LOG] SystemI::createSoundInternal             :     exinfo->fileoffset         = 33664
[LOG] SystemI::createSoundInternal             :     exinfo->numsubsounds       = 1
[LOG] SystemI::createSoundInternal             :     exinfo->inclusionlist      = 0000000046DBFC18
[LOG] SystemI::createSoundInternal             :     exinfo->inclusionlistnum   = 1
[LOG] SystemI::createSoundInternal             :     exinfo->suggestedsoundtype = 5
[LOG] SystemI::createSoundInternal             :     exinfo->initialseekpostype = 1
[LOG] SystemI::createSoundInternal             :     Format has 1 subsounds.
[LOG] SystemI::createSoundInternal             :     Create as FMOD_CREATESAMPLE
[LOG] SystemI::createSoundInternal             :     Multi-sample sound (1 subsounds), create a sample container.
[LOG] SystemI::createSoundInternal             :     creating subsound 0/1
[LOG] SystemI::createSample                    :     mode 0a010202 length 38999 samples, lengthbytes 6208
[LOG] SystemI::createSample                    :     channels = 1
[LOG] SystemI::createSample                    :     output = 0000000046C72BE8
[LOG] OutputSoftware::createSample             :     lengthpcm 38999, lengthbytes 6208, channels 1, format 2, freq 48000, mode 0a01020a
[LOG] SystemI::createSoundInternal             :     done.  OpenState now = FMOD_OPENSTATE_READY.

[LOG] AsyncThread::threadFunc                  : Finished Asynchronous operation on sound 00000000332C99B8
[LOG] AsyncThread::threadFunc                  : Starting Asynchronous operation on sound 00000000332C8EC8
[LOG] SystemI::createSoundInternal             :     filename = Assets\Audiodrunkenship\Build\Desktop/Master Bank.bank : mode 0a010202
[LOG] SystemI::createSoundInternal             :     exinfo->cbsize             = 216
[LOG] SystemI::createSoundInternal             :     exinfo->length             = 2440128
[LOG] SystemI::createSoundInternal             :     exinfo->fileoffset         = 33664
[LOG] SystemI::createSoundInternal             :     exinfo->numsubsounds       = 1
[LOG] SystemI::createSoundInternal             :     exinfo->inclusionlist      = 0000000046DBFAD8
[LOG] SystemI::createSoundInternal             :     exinfo->inclusionlistnum   = 1
[LOG] SystemI::createSoundInternal             :     exinfo->suggestedsoundtype = 5
[LOG] SystemI::createSoundInternal             :     exinfo->initialseekpostype = 1
[LOG] SystemI::createSoundInternal             :     Format has 1 subsounds.
[LOG] SystemI::createSoundInternal             :     Create as FMOD_CREATESAMPLE
[LOG] SystemI::createSoundInternal             :     Multi-sample sound (1 subsounds), create a sample container.
[LOG] SystemI::createSoundInternal             :     creating subsound 0/1
[LOG] SystemI::createSample                    :     mode 0a010202 length 40000 samples, lengthbytes 6560
[LOG] SystemI::createSample                    :     channels = 1
[LOG] SystemI::createSample                    :     output = 0000000046C72BE8
[LOG] OutputSoftware::createSample             :     lengthpcm 40000, lengthbytes 6560, channels 1, format 2, freq 48000, mode 0a01020a
[LOG] SystemI::createSoundInternal             :     done.  OpenState now = FMOD_OPENSTATE_READY.

[LOG] AsyncThread::threadFunc                  : Finished Asynchronous operation on sound 00000000332C8EC8
[LOG] AsyncThread::threadFunc                  : Starting Asynchronous operation on sound 00000000332C8BA8
[LOG] SystemI::createSoundInternal             :     filename = Assets\Audiodrunkenship\Build\Desktop/Master Bank.bank : mode 0a010202
[LOG] SystemI::createSoundInternal             :     exinfo->cbsize             = 216
[LOG] SystemI::createSoundInternal             :     exinfo->length             = 2440128
[LOG] SystemI::createSoundInternal             :     exinfo->fileoffset         = 33664
[LOG] SystemI::createSoundInternal             :     exinfo->numsubsounds       = 1
[LOG] SystemI::createSoundInternal             :     exinfo->inclusionlist      = 0000000046DC0118
[LOG] SystemI::createSoundInternal             :     exinfo->inclusionlistnum   = 1
[LOG] SystemI::createSoundInternal             :     exinfo->suggestedsoundtype = 5
[LOG] SystemI::createSoundInternal             :     exinfo->initialseekpostype = 1
[LOG] SystemI::createSoundInternal             :     Format has 1 subsounds.
[LOG] SystemI::createSoundInternal             :     Create as FMOD_CREATESAMPLE
[LOG] SystemI::createSoundInternal             :     Multi-sample sound (1 subsounds), create a sample container.
[LOG] SystemI::createSoundInternal             :     creating subsound 0/1
[LOG] SystemI::createSample                    :     mode 0a010202 length 33549 samples, lengthbytes 5568
[LOG] SystemI::createSample                    :     channels = 1
[LOG] SystemI::createSample                    :     output = 0000000046C72BE8
[LOG] OutputSoftware::createSample             :     lengthpcm 33549, lengthbytes 5568, channels 1, format 2, freq 48000, mode 0a01020a
[LOG] SystemI::createSoundInternal             :     done.  OpenState now = FMOD_OPENSTATE_READY.

[LOG] AsyncThread::threadFunc                  : Finished Asynchronous operation on sound 00000000332C8BA8
[LOG] AsyncThread::threadFunc                  : Starting Asynchronous operation on sound 00000000332C80B8
[LOG] SystemI::createSoundInternal             :     filename = Assets\Audiodrunkenship\Build\Desktop/Master Bank.bank : mode 0a010202
[LOG] SystemI::createSoundInternal             :     exinfo->cbsize             = 216
[LOG] SystemI::createSoundInternal             :     exinfo->length             = 2440128
[LOG] SystemI::createSoundInternal             :     exinfo->fileoffset         = 33664
[LOG] SystemI::createSoundInternal             :     exinfo->numsubsounds       = 1
[LOG] SystemI::createSoundInternal             :     exinfo->inclusionlist      = 0000000046DBE818
[LOG] SystemI::createSoundInternal             :     exinfo->inclusionlistnum   = 1
[LOG] SystemI::createSoundInternal             :     exinfo->suggestedsoundtype = 5
[LOG] SystemI::createSoundInternal             :     exinfo->initialseekpostype = 1
[LOG] SystemI::createSoundInternal             :     Format has 1 subsounds.
[LOG] SystemI::createSoundInternal             :     Create as FMOD_CREATESAMPLE
[LOG] SystemI::createSoundInternal             :     Multi-sample sound (1 subsounds), create a sample container.
[LOG] SystemI::createSoundInternal             :     creating subsound 0/1
[LOG] SystemI::createSample                    :     mode 0a010202 length 101999 samples, lengthbytes 20480
[LOG] SystemI::createSample                    :     channels = 2
[LOG] SystemI::createSample                    :     output = 0000000046C72BE8
[LOG] OutputSoftware::createSample             :     lengthpcm 101999, lengthbytes 20480, channels 2, format 2, freq 48000, mode 0a01020a
[LOG] SystemI::createSoundInternal             :     done.  OpenState now = FMOD_OPENSTATE_READY.

[LOG] AsyncThread::threadFunc                  : Finished Asynchronous operation on sound 00000000332C80B8
[LOG] AsyncThread::threadFunc                  : Starting Asynchronous operation on sound 00000000332C7C08
[LOG] SystemI::createSoundInternal             :     filename = Assets\Audiodrunkenship\Build\Desktop/Master Bank.bank : mode 0a010202
[LOG] SystemI::createSoundInternal             :     exinfo->cbsize             = 216
[LOG] SystemI::createSoundInternal             :     exinfo->length             = 2440128
[LOG] SystemI::createSoundInternal             :     exinfo->fileoffset         = 33664
[LOG] SystemI::createSoundInternal             :     exinfo->numsubsounds       = 1
[LOG] SystemI::createSoundInternal             :     exinfo->inclusionlist      = 0000000046DBF858
[LOG] SystemI::createSoundInternal             :     exinfo->inclusionlistnum   = 1
[LOG] SystemI::createSoundInternal             :     exinfo->suggestedsoundtype = 5
[LOG] SystemI::createSoundInternal             :     exinfo->initialseekpostype = 1
[LOG] SystemI::createSoundInternal             :     Format has 1 subsounds.
[LOG] SystemI::createSoundInternal             :     Create as FMOD_CREATESAMPLE
[LOG] SystemI::createSoundInternal             :     Multi-sample sound (1 subsounds), create a sample container.
[LOG] SystemI::createSoundInternal             :     creating subsound 0/1
[LOG] SystemI::createSample                    :     mode 0a010202 length 78999 samples, lengthbytes 13856
[LOG] SystemI::createSample                    :     channels = 1
[LOG] SystemI::createSample                    :     output = 0000000046C72BE8
[LOG] OutputSoftware::createSample             :     lengthpcm 78999, lengthbytes 13856, channels 1, format 2, freq 48000, mode 0a01020a
[LOG] SystemI::createSoundInternal             :     done.  OpenState now = FMOD_OPENSTATE_READY.

[LOG] AsyncThread::threadFunc                  : Finished Asynchronous operation on sound 00000000332C7C08
[LOG] AsyncThread::threadFunc                  : Starting Asynchronous operation on sound 00000000332C9058
[LOG] SystemI::createSoundInternal             :     filename = Assets\Audiodrunkenship\Build\Desktop/Master Bank.bank : mode 0a010202
[LOG] SystemI::createSoundInternal             :     exinfo->cbsize             = 216
[LOG] SystemI::createSoundInternal             :     exinfo->length             = 2440128
[LOG] SystemI::createSoundInternal             :     exinfo->fileoffset         = 33664
[LOG] SystemI::createSoundInternal             :     exinfo->numsubsounds       = 1
[LOG] SystemI::createSoundInternal             :     exinfo->inclusionlist      = 0000000046DBF498
[LOG] SystemI::createSoundInternal             :     exinfo->inclusionlistnum   = 1
[LOG] SystemI::createSoundInternal             :     exinfo->suggestedsoundtype = 5
[LOG] SystemI::createSoundInternal             :     exinfo->initialseekpostype = 1
[LOG] SystemI::createSoundInternal             :     Format has 1 subsounds.
[LOG] SystemI::createSoundInternal             :     Create as FMOD_CREATESAMPLE
[LOG] SystemI::createSoundInternal             :     Multi-sample sound (1 subsounds), create a sample container.
[LOG] SystemI::createSoundInternal             :     creating subsound 0/1
[LOG] SystemI::createSample                    :     mode 0a010202 length 101000 samples, lengthbytes 17120
[LOG] SystemI::createSample                    :     channels = 1
[LOG] SystemI::createSample                    :     output = 0000000046C72BE8
[LOG] OutputSoftware::createSample             :     lengthpcm 101000, lengthbytes 17120, channels 1, format 2, freq 48000, mode 0a01020a
[LOG] SystemI::createSoundInternal             :     done.  OpenState now = FMOD_OPENSTATE_READY.

[LOG] AsyncThread::threadFunc                  : Finished Asynchronous operation on sound 00000000332C9058
[LOG] AsyncThread::threadFunc                  : Starting Asynchronous operation on sound 00000000332C9698
[LOG] SystemI::createSoundInternal             :     filename = Assets\Audiodrunkenship\Build\Desktop/Master Bank.bank : mode 0a010202
[LOG] SystemI::createSoundInternal             :     exinfo->cbsize             = 216
[LOG] SystemI::createSoundInternal             :     exinfo->length             = 2440128
[LOG] SystemI::createSoundInternal             :     exinfo->fileoffset         = 33664
[LOG] SystemI::createSoundInternal             :     exinfo->numsubsounds       = 1
[LOG] SystemI::createSoundInternal             :     exinfo->inclusionlist      = 0000000046DBED18
[LOG] SystemI::createSoundInternal             :     exinfo->inclusionlistnum   = 1
[LOG] SystemI::createSoundInternal             :     exinfo->suggestedsoundtype = 5
[LOG] SystemI::createSoundInternal             :     exinfo->initialseekpostype = 1
[LOG] SystemI::createSoundInternal             :     Format has 1 subsounds.
[LOG] SystemI::createSoundInternal             :     Create as FMOD_CREATESAMPLE
[LOG] SystemI::createSoundInternal             :     Multi-sample sound (1 subsounds), create a sample container.
[LOG] SystemI::createSoundInternal             :     creating subsound 0/1
[LOG] SystemI::createSample                    :     mode 0a010202 length 66000 samples, lengthbytes 11648
[LOG] SystemI::createSample                    :     channels = 1
[LOG] SystemI::createSample                    :     output = 0000000046C72BE8
[LOG] OutputSoftware::createSample             :     lengthpcm 66000, lengthbytes 11648, channels 1, format 2, freq 48000, mode 0a01020a
[LOG] SystemI::createSoundInternal             :     done.  OpenState now = FMOD_OPENSTATE_READY.

[LOG] AsyncThread::threadFunc                  : Finished Asynchronous operation on sound 00000000332C9698
[LOG] AsyncThread::threadFunc                  : Starting Asynchronous operation on sound 00000000332C8888
[LOG] SystemI::createSoundInternal             :     filename = Assets\Audiodrunkenship\Build\Desktop/Master Bank.bank : mode 0a010202
[LOG] SystemI::createSoundInternal             :     exinfo->cbsize             = 216
[LOG] SystemI::createSoundInternal             :     exinfo->length             = 2440128
[LOG] SystemI::createSoundInternal             :     exinfo->fileoffset         = 33664
[LOG] SystemI::createSoundInternal             :     exinfo->numsubsounds       = 1
[LOG] SystemI::createSoundInternal             :     exinfo->inclusionlist      = 0000000046DBFD58
[LOG] SystemI::createSoundInternal             :     exinfo->inclusionlistnum   = 1
[LOG] SystemI::createSoundInternal             :     exinfo->suggestedsoundtype = 5
[LOG] SystemI::createSoundInternal             :     exinfo->initialseekpostype = 1
[LOG] SystemI::createSoundInternal             :     Format has 1 subsounds.
[LOG] SystemI::createSoundInternal             :     Create as FMOD_CREATESAMPLE
[LOG] SystemI::createSoundInternal             :     Multi-sample sound (1 subsounds), create a sample container.
[LOG] SystemI::createSoundInternal             :     creating subsound 0/1
[LOG] SystemI::createSample                    :     mode 0a010202 length 356658 samples, lengthbytes 79904
[LOG] SystemI::createSample                    :     channels = 2
[LOG] SystemI::createSample                    :     output = 0000000046C72BE8
[LOG] OutputSoftware::createSample             :     lengthpcm 356658, lengthbytes 79904, channels 2, format 2, freq 48000, mode 0a01020a
[LOG] SystemI::createSoundInternal             :     done.  OpenState now = FMOD_OPENSTATE_READY.

[LOG] AsyncThread::threadFunc                  : Finished Asynchronous operation on sound 00000000332C8888
[LOG] AsyncThread::threadFunc                  : Starting Asynchronous operation on sound 00000000332C8248
[LOG] SystemI::createSoundInternal             :     filename = Assets\Audiodrunkenship\Build\Desktop/Master Bank.bank : mode 0a010202
[LOG] SystemI::createSoundInternal             :     exinfo->cbsize             = 216
[WRN] SoundSourceInstrumentInstance::startChannelIfReady :     Loading delay exceeded, sound may play at incorrect time
[LOG] SystemI::createSoundInternal             :     exinfo->length             = 2440128
[LOG] SystemI::createSoundInternal             :     exinfo->fileoffset         = 33664
[LOG] SystemI::createSoundInternal             :     exinfo->numsubsounds       = 1
[LOG] SystemI::createSoundInternal             :     exinfo->inclusionlist      = 0000000046DBF0D8
[LOG] SystemI::createSoundInternal             :     exinfo->inclusionlistnum   = 1
[LOG] SystemI::createSoundInternal             :     exinfo->suggestedsoundtype = 5
[LOG] SystemI::createSoundInternal             :     exinfo->initialseekpostype = 1
[LOG] SystemI::createSoundInternal             :     Format has 1 subsounds.
[LOG] SystemI::createSoundInternal             :     Create as FMOD_CREATESAMPLE
[LOG] SystemI::createSoundInternal             :     Multi-sample sound (1 subsounds), create a sample container.
[LOG] SystemI::createSoundInternal             :     creating subsound 0/1
[LOG] SystemI::createSample                    :     mode 0a010202 length 499321 samples, lengthbytes 104448
[LOG] SystemI::createSample                    :     channels = 2
[LOG] SystemI::createSample                    :     output = 0000000046C72BE8
[LOG] OutputSoftware::createSample             :     lengthpcm 499321, lengthbytes 104448, channels 2, format 2, freq 48000, mode 0a01020a
[LOG] SystemI::createSoundInternal             :     done.  OpenState now = FMOD_OPENSTATE_READY.

[LOG] AsyncThread::threadFunc                  : Finished Asynchronous operation on sound 00000000332C8248
[LOG] AsyncThread::threadFunc                  : Starting Asynchronous operation on sound 00000000332C8A18
[LOG] SystemI::createSoundInternal             :     filename = Assets\Audiodrunkenship\Build\Desktop/Master Bank.bank : mode 0a010202
[LOG] SystemI::createSoundInternal             :     exinfo->cbsize             = 216
[LOG] SystemI::createSoundInternal             :     exinfo->length             = 2440128
[LOG] SystemI::createSoundInternal             :     exinfo->fileoffset         = 33664
[LOG] SystemI::createSoundInternal             :     exinfo->numsubsounds       = 1
[LOG] SystemI::createSoundInternal             :     exinfo->inclusionlist      = 0000000046DBEF98
[LOG] SystemI::createSoundInternal             :     exinfo->inclusionlistnum   = 1
[LOG] SystemI::createSoundInternal             :     exinfo->suggestedsoundtype = 5
[LOG] SystemI::createSoundInternal             :     exinfo->initialseekpostype = 1
[LOG] SystemI::createSoundInternal             :     Format has 1 subsounds.
[LOG] SystemI::createSoundInternal             :     Create as FMOD_CREATESAMPLE
[LOG] SystemI::createSoundInternal             :     Multi-sample sound (1 subsounds), create a sample container.
[LOG] SystemI::createSoundInternal             :     creating subsound 0/1
[LOG] SystemI::createSample                    :     mode 0a010202 length 499321 samples, lengthbytes 99968
[LOG] SystemI::createSample                    :     channels = 2
[LOG] SystemI::createSample                    :     output = 0000000046C72BE8
[LOG] OutputSoftware::createSample             :     lengthpcm 499321, lengthbytes 99968, channels 2, format 2, freq 48000, mode 0a01020a
[LOG] SystemI::createSoundInternal             :     done.  OpenState now = FMOD_OPENSTATE_READY.

[LOG] AsyncThread::threadFunc                  : Finished Asynchronous operation on sound 00000000332C8A18
[LOG] AsyncThread::threadFunc                  : Starting Asynchronous operation on sound 00000000332C8D38
[LOG] SystemI::createSoundInternal             :     filename = Assets\Audiodrunkenship\Build\Desktop/Master Bank.bank : mode 0a010202
[LOG] SystemI::createSoundInternal             :     exinfo->cbsize             = 216
[LOG] SystemI::createSoundInternal             :     exinfo->length             = 2440128
[LOG] SystemI::createSoundInternal             :     exinfo->fileoffset         = 33664
[LOG] SystemI::createSoundInternal             :     exinfo->numsubsounds       = 1
[LOG] SystemI::createSoundInternal             :     exinfo->inclusionlist      = 0000000046DBF218
[LOG] SystemI::createSoundInternal             :     exinfo->inclusionlistnum   = 1
[LOG] SystemI::createSoundInternal             :     exinfo->suggestedsoundtype = 5
[LOG] SystemI::createSoundInternal             :     exinfo->initialseekpostype = 1
[LOG] SystemI::createSoundInternal             :     Format has 1 subsounds.
[LOG] SystemI::createSoundInternal             :     Create as FMOD_CREATESAMPLE
[LOG] SystemI::createSoundInternal             :     Multi-sample sound (1 subsounds), create a sample container.
[LOG] SystemI::createSoundInternal             :     creating subsound 0/1
[LOG] SystemI::createSample                    :     mode 0a010202 length 499321 samples, lengthbytes 86464
[LOG] SystemI::createSample                    :     channels = 2
[LOG] SystemI::createSample                    :     output = 0000000046C72BE8
[LOG] OutputSoftware::createSample             :     lengthpcm 499321, lengthbytes 86464, channels 2, format 2, freq 48000, mode 0a01020a
[LOG] SystemI::createSoundInternal             :     done.  OpenState now = FMOD_OPENSTATE_READY.

[LOG] AsyncThread::threadFunc                  : Finished Asynchronous operation on sound 00000000332C8D38
[LOG] AsyncThread::threadFunc                  : Starting Asynchronous operation on sound 0000000046CEBAF8
[LOG] SystemI::createSoundInternal             :     filename = Assets\Audiodrunkenship\Build\Desktop/Master Bank.bank : mode 0a010202
[LOG] SystemI::createSoundInternal             :     exinfo->cbsize             = 216
[LOG] SystemI::createSoundInternal             :     exinfo->length             = 2440128
[LOG] SystemI::createSoundInternal             :     exinfo->fileoffset         = 33664
[LOG] SystemI::createSoundInternal             :     exinfo->numsubsounds       = 1
[LOG] SystemI::createSoundInternal             :     exinfo->inclusionlist      = 0000000046DBF5D8
[LOG] SystemI::createSoundInternal             :     exinfo->inclusionlistnum   = 1
[LOG] SystemI::createSoundInternal             :     exinfo->suggestedsoundtype = 5
[LOG] SystemI::createSoundInternal             :     exinfo->initialseekpostype = 1
[LOG] SystemI::createSoundInternal             :     Format has 1 subsounds.
[LOG] SystemI::createSoundInternal             :     Create as FMOD_CREATESAMPLE
[LOG] SystemI::createSoundInternal             :     Multi-sample sound (1 subsounds), create a sample container.
[LOG] SystemI::createSoundInternal             :     creating subsound 0/1
[LOG] SystemI::createSample                    :     mode 0a010202 length 384000 samples, lengthbytes 66944
[LOG] SystemI::createSample                    :     channels = 2
[LOG] SystemI::createSample                    :     output = 0000000046C72BE8
[LOG] OutputSoftware::createSample             :     lengthpcm 384000, lengthbytes 66944, channels 2, format 2, freq 48000, mode 0a01020a
[LOG] SystemI::createSoundInternal             :     done.  OpenState now = FMOD_OPENSTATE_READY.

[LOG] AsyncThread::threadFunc                  : Finished Asynchronous operation on sound 0000000046CEBAF8
[LOG] AsyncThread::threadFunc                  : Starting Asynchronous operation on sound 0000000046CEBC88
[LOG] SystemI::createSoundInternal             :     filename = Assets\Audiodrunkenship\Build\Desktop/Master Bank.bank : mode 0a010202
[LOG] SystemI::createSoundInternal             :     exinfo->cbsize             = 216
[LOG] SystemI::createSoundInternal             :     exinfo->length             = 2440128
[LOG] SystemI::createSoundInternal             :     exinfo->fileoffset         = 33664
[LOG] SystemI::createSoundInternal             :     exinfo->numsubsounds       = 1
[LOG] SystemI::createSoundInternal             :     exinfo->inclusionlist      = 0000000046DBE958
[LOG] SystemI::createSoundInternal             :     exinfo->inclusionlistnum   = 1
[LOG] SystemI::createSoundInternal             :     exinfo->suggestedsoundtype = 5
[LOG] SystemI::createSoundInternal             :     exinfo->initialseekpostype = 1
[LOG] SystemI::createSoundInternal             :     Format has 1 subsounds.
[LOG] SystemI::createSoundInternal             :     Create as FMOD_CREATESAMPLE
[LOG] SystemI::createSoundInternal             :     Multi-sample sound (1 subsounds), create a sample container.
[LOG] SystemI::createSoundInternal             :     creating subsound 0/1
[LOG] SystemI::createSample                    :     mode 0a010202 length 384000 samples, lengthbytes 66112
[LOG] SystemI::createSample                    :     channels = 2
[LOG] SystemI::createSample                    :     output = 0000000046C72BE8
[LOG] OutputSoftware::createSample             :     lengthpcm 384000, lengthbytes 66112, channels 2, format 2, freq 48000, mode 0a01020a
[LOG] SystemI::createSoundInternal             :     done.  OpenState now = FMOD_OPENSTATE_READY.

[LOG] AsyncThread::threadFunc                  : Finished Asynchronous operation on sound 0000000046CEBC88
[LOG] AsyncThread::threadFunc                  : Starting Asynchronous operation on sound 0000000046CECC28
[LOG] SystemI::createSoundInternal             :     filename = Assets\Audiodrunkenship\Build\Desktop/Master Bank.bank : mode 0a010202
[LOG] SystemI::createSoundInternal             :     exinfo->cbsize             = 216
[LOG] SystemI::createSoundInternal             :     exinfo->length             = 2440128
[LOG] SystemI::createSoundInternal             :     exinfo->fileoffset         = 33664
[LOG] SystemI::createSoundInternal             :     exinfo->numsubsounds       = 1
[LOG] SystemI::createSoundInternal             :     exinfo->inclusionlist      = 0000000046DBFE98
[LOG] SystemI::createSoundInternal             :     exinfo->inclusionlistnum   = 1
[LOG] SystemI::createSoundInternal             :     exinfo->suggestedsoundtype = 5
[LOG] SystemI::createSoundInternal             :     exinfo->initialseekpostype = 1
[LOG] SystemI::createSoundInternal             :     Format has 1 subsounds.
[LOG] SystemI::createSoundInternal             :     Create as FMOD_CREATESAMPLE
[LOG] SystemI::createSoundInternal             :     Multi-sample sound (1 subsounds), create a sample container.
[LOG] SystemI::createSoundInternal             :     creating subsound 0/1
[LOG] SystemI::createSample                    :     mode 0a010202 length 384000 samples, lengthbytes 65216
[LOG] SystemI::createSample                    :     channels = 2
[LOG] SystemI::createSample                    :     output = 0000000046C72BE8
[LOG] OutputSoftware::createSample             :     lengthpcm 384000, lengthbytes 65216, channels 2, format 2, freq 48000, mode 0a01020a
[LOG] SystemI::createSoundInternal             :     done.  OpenState now = FMOD_OPENSTATE_READY.

[LOG] AsyncThread::threadFunc                  : Finished Asynchronous operation on sound 0000000046CECC28
[LOG] AsyncThread::threadFunc                  : Starting Asynchronous operation on sound 0000000046CECDB8
[LOG] SystemI::createSoundInternal             :     filename = Assets\Audiodrunkenship\Build\Desktop/Master Bank.bank : mode 0a010202
[LOG] SystemI::createSoundInternal             :     exinfo->cbsize             = 216
[LOG] SystemI::createSoundInternal             :     exinfo->length             = 2440128
[LOG] SystemI::createSoundInternal             :     exinfo->fileoffset         = 33664
[LOG] SystemI::createSoundInternal             :     exinfo->numsubsounds       = 1
[LOG] SystemI::createSoundInternal             :     exinfo->inclusionlist      = 0000000046DBF718
[LOG] SystemI::createSoundInternal             :     exinfo->inclusionlistnum   = 1
[LOG] SystemI::createSoundInternal             :     exinfo->suggestedsoundtype = 5
[LOG] SystemI::createSoundInternal             :     exinfo->initialseekpostype = 1
[LOG] SystemI::createSoundInternal             :     Format has 1 subsounds.
[LOG] SystemI::createSoundInternal             :     Create as FMOD_CREATESAMPLE
[LOG] SystemI::createSoundInternal             :     Multi-sample sound (1 subsounds), create a sample container.
[LOG] SystemI::createSoundInternal             :     creating subsound 0/1
[LOG] SystemI::createSample                    :     mode 0a010202 length 384000 samples, lengthbytes 67712
[LOG] SystemI::createSample                    :     channels = 2
[LOG] SystemI::createSample                    :     output = 0000000046C72BE8
[LOG] OutputSoftware::createSample             :     lengthpcm 384000, lengthbytes 67712, channels 2, format 2, freq 48000, mode 0a01020a
[LOG] SystemI::createSoundInternal             :     done.  OpenState now = FMOD_OPENSTATE_READY.

[LOG] AsyncThread::threadFunc                  : Finished Asynchronous operation on sound 0000000046CECDB8
[LOG] AsyncThread::threadFunc                  : Starting Asynchronous operation on sound 0000000046CEC778
[LOG] SystemI::createSoundInternal             :     filename = Assets\Audiodrunkenship\Build\Desktop/Master Bank.bank : mode 0a010202
[LOG] SystemI::createSoundInternal             :     exinfo->cbsize             = 216
[LOG] SystemI::createSoundInternal             :     exinfo->length             = 2440128
[LOG] SystemI::createSoundInternal             :     exinfo->fileoffset         = 33664
[LOG] SystemI::createSoundInternal             :     exinfo->numsubsounds       = 1
[LOG] SystemI::createSoundInternal             :     exinfo->inclusionlist      = 0000000046DBFFD8
[LOG] SystemI::createSoundInternal             :     exinfo->inclusionlistnum   = 1
[LOG] SystemI::createSoundInternal             :     exinfo->suggestedsoundtype = 5
[LOG] SystemI::createSoundInternal             :     exinfo->initialseekpostype = 1
[LOG] SystemI::createSoundInternal             :     Format has 1 subsounds.
[LOG] SystemI::createSoundInternal             :     Create as FMOD_CREATESAMPLE
[LOG] SystemI::createSoundInternal             :     Multi-sample sound (1 subsounds), create a sample container.
[LOG] SystemI::createSoundInternal             :     creating subsound 0/1
[LOG] SystemI::createSample                    :     mode 0a010202 length 168000 samples, lengthbytes 35712
[LOG] SystemI::createSample                    :     channels = 2
[LOG] SystemI::createSample                    :     output = 0000000046C72BE8
[LOG] OutputSoftware::createSample             :     lengthpcm 168000, lengthbytes 35712, channels 2, format 2, freq 48000, mode 0a01020a
[LOG] SystemI::createSoundInternal             :     done.  OpenState now = FMOD_OPENSTATE_READY.

[LOG] AsyncThread::threadFunc                  : Finished Asynchronous operation on sound 0000000046CEC778
[WRN] SoundSourceInstrumentInstance::startChannelIfReady : Loading delay exceeded, sound may play at incorrect time
[LOG] AsyncThread::threadFunc                  : Starting Asynchronous operation on sound 0000000046CEBE18
[LOG] SystemI::createSoundInternal             :     filename = Assets\Audiodrunkenship\Build\Desktop/Master Bank.bank : mode 0a010202
[LOG] SystemI::createSoundInternal             :     exinfo->cbsize             = 216
[LOG] SystemI::createSoundInternal             :     exinfo->length             = 2440128
[LOG] SystemI::createSoundInternal             :     exinfo->fileoffset         = 33664
[LOG] SystemI::createSoundInternal             :     exinfo->numsubsounds       = 1
[LOG] SystemI::createSoundInternal             :     exinfo->inclusionlist      = 0000000046DC0258
[LOG] SystemI::createSoundInternal             :     exinfo->inclusionlistnum   = 1
[LOG] SystemI::createSoundInternal             :     exinfo->suggestedsoundtype = 5
[LOG] SystemI::createSoundInternal             :     exinfo->initialseekpostype = 1
[LOG] SystemI::createSoundInternal             :     Format has 1 subsounds.
[LOG] SystemI::createSoundInternal             :     Create as FMOD_CREATESAMPLE
[LOG] SystemI::createSoundInternal             :     Multi-sample sound (1 subsounds), create a sample container.
[LOG] SystemI::createSoundInternal             :     creating subsound 0/1
[LOG] SystemI::createSample                    :     mode 0a010202 length 1254857 samples, lengthbytes 351744
[LOG] SystemI::createSample                    :     channels = 2
[LOG] SystemI::createSample                    :     output = 0000000046C72BE8
[LOG] OutputSoftware::createSample             :     lengthpcm 1254857, lengthbytes 351744, channels 2, format 2, freq 48000, mode 0a01020a
[LOG] SystemI::createSoundInternal             :     done.  OpenState now = FMOD_OPENSTATE_READY.

[LOG] AsyncThread::threadFunc                  : Finished Asynchronous operation on sound 0000000046CEBE18
[LOG] AsyncThread::threadFunc                  : Starting Asynchronous operation on sound 0000000046CECF48
[WRN] SoundSourceInstrumentInstance::startChannelIfReady : Loading delay exceeded, sound may play at incorrect time
[LOG] SystemI::createSoundInternal             :     filename = Assets\Audiodrunkenship\Build\Desktop/Master Bank.bank : mode 0a010202
[WRN] SoundSourceInstrumentInstance::startChannelIfReady :     Loading delay exceeded, sound may play at incorrect time
[LOG] SystemI::createSoundInternal             :     exinfo->cbsize             = 216
[LOG] SystemI::createSoundInternal             :     exinfo->length             = 2440128
[LOG] SystemI::createSoundInternal             :     exinfo->fileoffset         = 33664
[LOG] SystemI::createSoundInternal             :     exinfo->numsubsounds       = 1
[LOG] SystemI::createSoundInternal             :     exinfo->inclusionlist      = 0000000046DC0398
[LOG] SystemI::createSoundInternal             :     exinfo->inclusionlistnum   = 1
[LOG] SystemI::createSoundInternal             :     exinfo->suggestedsoundtype = 5
[LOG] SystemI::createSoundInternal             :     exinfo->initialseekpostype = 1
[LOG] SystemI::createSoundInternal             :     Format has 1 subsounds.
[LOG] SystemI::createSoundInternal             :     Create as FMOD_CREATESAMPLE
[LOG] SystemI::createSoundInternal             :     Multi-sample sound (1 subsounds), create a sample container.
[LOG] SystemI::createSoundInternal             :     creating subsound 0/1
[LOG] SystemI::createSample                    :     mode 0a010202 length 1974857 samples, lengthbytes 567392
[LOG] SystemI::createSample                    :     channels = 2
[LOG] SystemI::createSample                    :     output = 0000000046C72BE8
[LOG] OutputSoftware::createSample             :     lengthpcm 1974857, lengthbytes 567392, channels 2, format 2, freq 48000, mode 0a01020a
[LOG] SystemI::createSoundInternal             :     done.  OpenState now = FMOD_OPENSTATE_READY.

[LOG] AsyncThread::threadFunc                  : Finished Asynchronous operation on sound 0000000046CECF48
[LOG] SoundI::release                          : (null) (0000000046CECF48)
[LOG] SoundI::release                          : release subsounds. (0000000046CECF48)
[LOG] SoundI::release                          :     (null) (0000000045111718)
[LOG] SoundI::release                          : release codec. (0000000046CECF48)
[LOG] SoundI::release                          : (null) (0000000046CEBE18)
[LOG] SoundI::release                          : release subsounds. (0000000046CEBE18)
[LOG] SoundI::release                          :     (null) (00000000451113F8)
[LOG] SoundI::release                          : release codec. (0000000046CEBE18)
[LOG] SoundI::release                          : (null) (0000000046C72A58)
[LOG] SoundI::release                          : release subsounds. (0000000046C72A58)
[LOG] SoundI::release                          :     (null) (0000000046C725A8)
[LOG] SoundI::release                          : release codec. (0000000046C72A58)
[LOG] SoundI::release                          : (null) (0000000046C72288)
[LOG] SoundI::release                          : release subsounds. (0000000046C72288)
[LOG] SoundI::release                          :     (null) (00000000332C7F28)
[LOG] SoundI::release                          : release codec. (0000000046C72288)
[LOG] SoundI::release                          : (null) (0000000046C72D78)
[LOG] SoundI::release                          : release subsounds. (0000000046C72D78)
[LOG] SoundI::release                          :     (null) (00000000332C9508)
[LOG] SoundI::release                          : release codec. (0000000046C72D78)
[LOG] SoundI::release                          : (null) (0000000046C72F08)
[LOG] SoundI::release                          : release subsounds. (0000000046C72F08)
[LOG] SoundI::release                          :     (null) (00000000332C83D8)
[LOG] SoundI::release                          : release codec. (0000000046C72F08)
[LOG] SoundI::release                          : (null) (0000000046C72418)
[LOG] SoundI::release                          : release subsounds. (0000000046C72418)
[LOG] SoundI::release                          :     (null) (00000000332C86F8)
[LOG] SoundI::release                          : release codec. (0000000046C72418)
[LOG] SoundI::release                          : (null) (0000000046C72738)
[LOG] SoundI::release                          : release subsounds. (0000000046C72738)
[LOG] SoundI::release                          :     (null) (0000000046CECA98)
[LOG] SoundI::release                          : release codec. (0000000046C72738)
[LOG] SoundI::release                          : (null) (00000000332C91E8)
[LOG] SoundI::release                          : release subsounds. (00000000332C91E8)
[LOG] SoundI::release                          :     (null) (0000000046CED0D8)
[LOG] SoundI::release                          : release codec. (00000000332C91E8)
[LOG] SoundI::release                          : (null) (00000000332C9828)
[LOG] SoundI::release                          : release subsounds. (00000000332C9828)
[LOG] SoundI::release                          :     (null) (0000000046CEB328)
[LOG] SoundI::release                          : release codec. (00000000332C9828)
[LOG] SoundI::release                          : (null) (00000000332C9378)
[LOG] SoundI::release                          : release subsounds. (00000000332C9378)
[LOG] SoundI::release                          :     (null) (0000000046CEC5E8)
[LOG] SoundI::release                          : release codec. (00000000332C9378)
[LOG] SoundI::release                          : (null) (00000000332C8568)
[LOG] SoundI::release                          : release subsounds. (00000000332C8568)
[LOG] SoundI::release                          :     (null) (0000000046CEB4B8)
[LOG] SoundI::release                          : release codec. (00000000332C8568)
[LOG] SoundI::release                          : (null) (00000000332C7D98)
[LOG] SoundI::release                          : release subsounds. (00000000332C7D98)
[LOG] SoundI::release                          :     (null) (0000000046CEC458)
[LOG] SoundI::release                          : release codec. (00000000332C7D98)
[LOG] SoundI::release                          : (null) (00000000332C99B8)
[LOG] SoundI::release                          : release subsounds. (00000000332C99B8)
[LOG] SoundI::release                          :     (null) (0000000046CEC908)
[LOG] SoundI::release                          : release codec. (00000000332C99B8)
[LOG] SoundI::release                          : (null) (00000000332C8EC8)
[LOG] SoundI::release                          : release subsounds. (00000000332C8EC8)
[LOG] SoundI::release                          :     (null) (0000000046CEC138)
[LOG] SoundI::release                          : release codec. (00000000332C8EC8)
[LOG] SoundI::release                          : (null) (00000000332C8BA8)
[LOG] SoundI::release                          : release subsounds. (00000000332C8BA8)
[LOG] SoundI::release                          :     (null) (0000000046CEB648)
[LOG] SoundI::release                          : release codec. (00000000332C8BA8)
[LOG] SoundI::release                          : (null) (00000000332C80B8)
[LOG] SoundI::release                          : release subsounds. (00000000332C80B8)
[LOG] SoundI::release                          :     (null) (0000000046CEB7D8)
[LOG] SoundI::release                          : release codec. (00000000332C80B8)
[LOG] SoundI::release                          : (null) (00000000332C7C08)
[LOG] SoundI::release                          : release subsounds. (00000000332C7C08)
[LOG] SoundI::release                          :     (null) (0000000046CEB968)
[LOG] SoundI::release                          : release codec. (00000000332C7C08)
[LOG] SoundI::release                          : (null) (00000000332C9058)
[LOG] SoundI::release                          : release subsounds. (00000000332C9058)
[LOG] SoundI::release                          :     (null) (0000000046CEC2C8)
[LOG] SoundI::release                          : release codec. (00000000332C9058)
[LOG] SoundI::release                          : (null) (00000000332C9698)
[LOG] SoundI::release                          : release subsounds. (00000000332C9698)
[LOG] SoundI::release                          :     (null) (0000000046CEBFA8)
[LOG] SoundI::release                          : release codec. (00000000332C9698)
[LOG] SoundI::release                          : (null) (00000000332C8248)
[LOG] SoundI::release                          : release subsounds. (00000000332C8248)
[LOG] SoundI::release                          :     (null) (0000000045111A38)
[LOG] SoundI::release                          : release codec. (00000000332C8248)
[LOG] SoundI::release                          : (null) (00000000332C8A18)
[LOG] SoundI::release                          : release subsounds. (00000000332C8A18)
[LOG] SoundI::release                          :     (null) (0000000045112398)
[LOG] SoundI::release                          : release codec. (00000000332C8A18)
[LOG] SoundI::release                          : (null) (0000000046CEBAF8)
[LOG] SoundI::release                          : release subsounds. (0000000046CEBAF8)
[LOG] SoundI::release                          :     (null) (0000000045110DB8)
[LOG] SoundI::release                          : release codec. (0000000046CEBAF8)
[LOG] SoundI::release                          : (null) (0000000046CEBC88)
[LOG] SoundI::release                          : release subsounds. (0000000046CEBC88)
[LOG] SoundI::release                          :     (null) (0000000045110F48)
[LOG] SoundI::release                          : release codec. (0000000046CEBC88)
[LOG] SoundI::release                          : (null) (0000000046CECC28)
[LOG] SoundI::release                          : release subsounds. (0000000046CECC28)
[LOG] SoundI::release                          :     (null) (00000000451110D8)
[LOG] SoundI::release                          : release codec. (0000000046CECC28)
[LOG] SoundI::release                          : (null) (0000000046CECDB8)
[LOG] SoundI::release                          : release subsounds. (0000000046CECDB8)
[LOG] SoundI::release                          :     (null) (0000000045111268)
[LOG] SoundI::release                          : release codec. (0000000046CECDB8)
[LOG] SoundI::release                          : (null) (0000000046CEC778)
[LOG] SoundI::release                          : release subsounds. (0000000046CEC778)
[LOG] SoundI::release                          :     (null) (0000000045110908)
[LOG] SoundI::release                          : release codec. (0000000046CEC778)
[LOG] SoundI::release                          : (null) (00000000332C8D38)
[LOG] SoundI::release                          : release subsounds. (00000000332C8D38)
[LOG] SoundI::release                          :     (null) (0000000045110A98)
[LOG] SoundI::release                          : release codec. (00000000332C8D38)
[LOG] SoundI::release                          : (null) (00000000332C8888)
[LOG] SoundI::release                          : release subsounds. (00000000332C8888)
[LOG] SoundI::release                          :     (null) (0000000045112208)
[LOG] SoundI::release                          : release codec. (00000000332C8888)
[LOG] Thread::callback                         : * FMOD Studio update thread finished
[LOG] Thread::close                            : FMOD Studio update thread thread destroyed
[LOG] Thread::callback                         : * FMOD Studio load thread finished
[LOG] Thread::close                            : FMOD Studio load thread thread destroyed
[LOG] Profile::disconnectAll                   : Profiler disconnecting all clients
[LOG] LiveUpdate::release                      : 
[LOG] SystemI::close                           : 
[LOG] SystemI::close                           : Stop all sounds
[LOG] Thread::callback                         : * FMOD stream thread finished
[LOG] Thread::close                            : FMOD stream thread thread destroyed
[LOG] SystemI::close                           : Stream thread destroyed
[LOG] SystemI::close                           : Shut down output.
[LOG] Thread::callback                         : * FMOD (WASAPI) feeder thread finished
[LOG] Thread::close                            : FMOD (WASAPI) feeder thread thread destroyed
[LOG] Thread::callback                         : * FMOD mixer thread finished
[LOG] Thread::close                            : FMOD mixer thread thread destroyed
[LOG] SystemI::close                           : Free master channel group.
[LOG] SystemI::close                           : Remove 'master' sound group.
[LOG] SystemI::close                           : Free software output.
[LOG] SystemI::close                           : Free emulated output.
[LOG] SystemI::close                           : Free channel pool.
[LOG] SystemI::close                           : Remove miscllaneous DSP stuff.
[LOG] Global::decRef                           : Shut down streamer and FMOD_NONBLOCKING and FileSystem thread.
[LOG] Thread::callback                         : * FMOD nonblocking thread (0) finished
[LOG] Thread::close                            : FMOD nonblocking thread (0) thread destroyed
[LOG] Global::decRef                           : Shut down file system.
[LOG] SystemI::close                           : done.

